  AbstractHotel.cpp
  BookingSystem.cpp
c:\users\jswind\source\repos\102310121_hbs\102310121_hbs\bookingsystem.cpp(65): warning C4018: '<': signed/unsigned 不相符
  Hotel.cpp
c:\users\jswind\source\repos\102310121_hbs\102310121_hbs\hotel.cpp(7): warning C4244: 'return': 將 'double' 轉換為 'int'，由於類型不同，可能導致資料遺失
c:\users\jswind\source\repos\102310121_hbs\102310121_hbs\hotel.cpp(11): warning C4244: 'return': 將 'double' 轉換為 'int'，由於類型不同，可能導致資料遺失
c:\users\jswind\source\repos\102310121_hbs\102310121_hbs\hotel.cpp(13): warning C4244: 'return': 將 'double' 轉換為 'int'，由於類型不同，可能導致資料遺失
  Main.cpp
  Motel.cpp
  Payment.cpp
  TextUI.cpp
c:\users\jswind\source\repos\102310121_hbs\102310121_hbs\textui.cpp(55): warning C4018: '<': signed/unsigned 不相符
c:\users\jswind\source\repos\102310121_hbs\102310121_hbs\textui.cpp(58): warning C4018: '<': signed/unsigned 不相符
c:\users\jswind\source\repos\102310121_hbs\102310121_hbs\textui.cpp(199): warning C4018: '<': signed/unsigned 不相符
c:\users\jswind\source\repos\102310121_hbs\102310121_hbs\textui.cpp(240): warning C4018: '<': signed/unsigned 不相符
c:\users\jswind\source\repos\102310121_hbs\102310121_hbs\textui.cpp(261): warning C4018: '<': signed/unsigned 不相符
  正在產生程式碼...
c:\users\jswind\source\repos\102310121_hbs\102310121_hbs\textui.cpp(188): warning C4715: 'TextUI::InputOption': 不是所有控制路徑都傳回值
c:\users\jswind\source\repos\102310121_hbs\102310121_hbs\textui.cpp(235): warning C4715: 'TextUI::IsInputYes': 不是所有控制路徑都傳回值
  102310121_HBS.vcxproj -> C:\Users\jswind\source\repos\102310121_HBS\Debug\102310121_HBS.exe
